--- sym 1 --- 
1 0 0 
0 1 0 
0 0 1 
0 0 0 
--- sym 2 --- 
-1 0 0 
0 -1 0 
0 0 -1 
0 0 0 
--- sym 3 --- 
0 -1 0 
0 0 -1 
1 1 1 
0 0 0 
--- sym 4 --- 
0 1 0 
0 0 1 
-1 -1 -1 
0 0 0 
--- sym 5 --- 
0 0 1 
-1 -1 -1 
1 0 0 
0 0 0 
--- sym 6 --- 
0 0 -1 
1 1 1 
-1 0 0 
0 0 0 
--- sym 7 --- 
1 1 1 
-1 0 0 
0 -1 0 
0 0 0 
--- sym 8 --- 
-1 -1 -1 
1 0 0 
0 1 0 
0 0 0 
--- sym 9 --- 
-1 -1 -1 
0 0 1 
0 1 0 
0 0 0 
--- sym 10 --- 
1 1 1 
0 0 -1 
0 -1 0 
0 0 0 
--- sym 11 --- 
-1 0 0 
1 1 1 
0 0 -1 
0 0 0 
--- sym 12 --- 
1 0 0 
-1 -1 -1 
0 0 1 
0 0 0 
--- sym 13 --- 
0 1 0 
1 0 0 
-1 -1 -1 
0 0 0 
--- sym 14 --- 
0 -1 0 
-1 0 0 
1 1 1 
0 0 0 
--- sym 15 --- 
0 0 -1 
0 -1 0 
-1 0 0 
0 0 0 
--- sym 16 --- 
0 0 1 
0 1 0 
1 0 0 
0 0 0 
--- sym 17 --- 
-1 -1 -1 
1 0 0 
0 0 1 
0 0 0 
--- sym 18 --- 
1 1 1 
-1 0 0 
0 0 -1 
0 0 0 
--- sym 19 --- 
-1 0 0 
0 -1 0 
1 1 1 
0 0 0 
--- sym 20 --- 
1 0 0 
0 1 0 
-1 -1 -1 
0 0 0 
--- sym 21 --- 
0 1 0 
0 0 1 
1 0 0 
0 0 0 
--- sym 22 --- 
0 -1 0 
0 0 -1 
-1 0 0 
0 0 0 
--- sym 23 --- 
0 0 -1 
1 1 1 
0 -1 0 
0 0 0 
--- sym 24 --- 
0 0 1 
-1 -1 -1 
0 1 0 
0 0 0 
--- sym 25 --- 
1 0 0 
-1 -1 -1 
0 1 0 
0 0 0 
--- sym 26 --- 
-1 0 0 
1 1 1 
0 -1 0 
0 0 0 
--- sym 27 --- 
0 -1 0 
-1 0 0 
0 0 -1 
0 0 0 
--- sym 28 --- 
0 1 0 
1 0 0 
0 0 1 
0 0 0 
--- sym 29 --- 
0 0 1 
0 1 0 
-1 -1 -1 
0 0 0 
--- sym 30 --- 
0 0 -1 
0 -1 0 
1 1 1 
0 0 0 
--- sym 31 --- 
1 1 1 
0 0 -1 
-1 0 0 
0 0 0 
--- sym 32 --- 
-1 -1 -1 
0 0 1 
1 0 0 
0 0 0 
--- sym 33 --- 
0 1 0 
-1 -1 -1 
0 0 1 
0 0 0 
--- sym 34 --- 
0 -1 0 
1 1 1 
0 0 -1 
0 0 0 
--- sym 35 --- 
0 0 -1 
-1 0 0 
1 1 1 
0 0 0 
--- sym 36 --- 
0 0 1 
1 0 0 
-1 -1 -1 
0 0 0 
--- sym 37 --- 
-1 -1 -1 
0 1 0 
1 0 0 
0 0 0 
--- sym 38 --- 
1 1 1 
0 -1 0 
-1 0 0 
0 0 0 
--- sym 39 --- 
-1 0 0 
0 0 -1 
0 -1 0 
0 0 0 
--- sym 40 --- 
1 0 0 
0 0 1 
0 1 0 
0 0 0 
--- sym 41 --- 
0 0 1 
1 0 0 
0 1 0 
0 0 0 
--- sym 42 --- 
0 0 -1 
-1 0 0 
0 -1 0 
0 0 0 
--- sym 43 --- 
1 1 1 
0 -1 0 
0 0 -1 
0 0 0 
--- sym 44 --- 
-1 -1 -1 
0 1 0 
0 0 1 
0 0 0 
--- sym 45 --- 
1 0 0 
0 0 1 
-1 -1 -1 
0 0 0 
--- sym 46 --- 
-1 0 0 
0 0 -1 
1 1 1 
0 0 0 
--- sym 47 --- 
0 -1 0 
1 1 1 
-1 0 0 
0 0 0 
--- sym 48 --- 
0 1 0 
-1 -1 -1 
1 0 0 
0 0 0 
